0 info it worked if it ends with ok
1 verbose cli [ 'F:\\Program Files\\nodejs\\\\node.exe',
1 verbose cli   'F:\\Program Files\\nodejs\\node_modules\\npm\\bin\\npm-cli.js',
1 verbose cli   'start' ]
2 info using npm@2.7.4
3 info using node@v0.12.1
4 verbose node symlink F:\Program Files\nodejs\\node.exe
5 verbose stack Error: missing script: start
5 verbose stack     at run (F:\Program Files\nodejs\node_modules\npm\lib\run-script.js:165:19)
5 verbose stack     at F:\Program Files\nodejs\node_modules\npm\lib\run-script.js:81:5
5 verbose stack     at F:\Program Files\nodejs\node_modules\npm\node_modules\read-package-json\read-json.js:52:40
5 verbose stack     at F:\Program Files\nodejs\node_modules\npm\node_modules\read-package-json\read-json.js:376:33
5 verbose stack     at checkBinReferences_ (F:\Program Files\nodejs\node_modules\npm\node_modules\read-package-json\read-json.js:341:59)
5 verbose stack     at final (F:\Program Files\nodejs\node_modules\npm\node_modules\read-package-json\read-json.js:373:17)
5 verbose stack     at then (F:\Program Files\nodejs\node_modules\npm\node_modules\read-package-json\read-json.js:127:33)
5 verbose stack     at F:\Program Files\nodejs\node_modules\npm\node_modules\read-package-json\read-json.js:317:48
5 verbose stack     at evalmachine.<anonymous>:265:20
5 verbose stack     at OpenReq.Req.done (F:\Program Files\nodejs\node_modules\npm\node_modules\graceful-fs\graceful-fs.js:141:5)
6 verbose cwd E:\WorkSpace\Practice\chat216\server
7 error Windows_NT 6.1.7601
8 error argv "F:\\Program Files\\nodejs\\\\node.exe" "F:\\Program Files\\nodejs\\node_modules\\npm\\bin\\npm-cli.js" "start"
9 error node v0.12.1
10 error npm  v2.7.4
11 error missing script: start
12 error If you need help, you may report this error at:
12 error     <https://github.com/npm/npm/issues>
13 verbose exit [ 1, true ]
